<?xml version="1.0" encoding="UTF-8"?>
<!-- Generated by org.testng.reporters.JUnitReportReporter -->
<testsuite skipped="0" hostname="DESKTOP-OVHFUSQ" name="autoModularFramework.ModuleTestCase" tests="3" failures="0" timestamp="15 Apr 2018 05:00:29 GMT" time="38.027" errors="0">
  <testcase name="execute3" time="11.086" classname="autoModularFramework.ModuleTestCase"/>
  <testcase name="execute2" time="11.592" classname="autoModularFramework.ModuleTestCase"/>
  <testcase name="execute1" time="15.349" classname="autoModularFramework.ModuleTestCase"/>
</testsuite> <!-- autoModularFramework.ModuleTestCase -->
