<?xml version="1.0" encoding="UTF-8"?>
<!-- Generated by org.testng.reporters.JUnitReportReporter -->
<testsuite skipped="0" hostname="DESKTOP-OVHFUSQ" name="autoModularFramework.TestCaseModule" tests="1" failures="0" timestamp="14 Apr 2018 21:59:57 GMT" time="11.796" errors="0">
  <testcase name="executeTest" time="11.796" classname="autoModularFramework.TestCaseModule"/>
</testsuite> <!-- autoModularFramework.TestCaseModule -->
